using SCALAPACK:
 w[0]=-0.0026623595
 w[1]=-0.00062956637
 w[2]=-0.00050996796
 w[3]=-0.00038070903
 w[4]=-1.9340077e-07
 w[5]=0
 w[6]=0
 w[7]=0
 w[8]=0
 w[9]=0
 w[10]=0
 w[11]=0
 w[12]=0
 w[13]=0
 w[14]=0
 w[15]=0
 w[16]=0
 w[17]=0
 w[18]=0
 w[19]=0
 w[20]=0
 w[21]=0
 w[22]=0
 w[23]=0
 w[24]=0
 w[25]=0
 w[26]=0
 w[27]=0
 w[28]=0
 w[29]=0
 w[30]=0
 w[31]=0
 w[32]=0
 w[33]=0
 w[34]=0
 w[35]=0
 w[36]=0
 w[37]=0
 w[38]=0
 w[39]=0
 w[40]=0
 w[41]=0
 w[42]=0
 w[43]=0
 w[44]=0
 w[45]=0
 w[46]=1.163883e-07
 w[47]=0.0003003888
 w[48]=0.0012674234
 w[49]=0.0024498803
